State 62 conflicts: 10 shift/reduce
State 63 conflicts: 10 shift/reduce
State 91 conflicts: 10 shift/reduce
State 92 conflicts: 10 shift/reduce
State 93 conflicts: 10 shift/reduce
State 94 conflicts: 10 shift/reduce
State 95 conflicts: 10 shift/reduce
State 96 conflicts: 10 shift/reduce
State 97 conflicts: 10 shift/reduce
State 100 conflicts: 10 shift/reduce
State 106 conflicts: 1 shift/reduce


Grammar

    0 $accept: Program $end

    1 Program: ExtDefList

    2 ExtDefList: ε
    3           | ExtDef ExtDefList

    4 ExtDef: Specifier ExtDecList T_SEMI
    5       | Specifier T_SEMI
    6       | Specifier FunDec CompSt

    7 ExtDecList: VarDec
    8           | VarDec T_COMMA ExtDecList

    9 Specifier: T_TYPE
   10          | StructSpecifier

   11 StructSpecifier: T_STRUCT OptTag T_LC DefList T_RC
   12                | T_STRUCT Tag

   13 OptTag: ε
   14       | T_ID

   15 Tag: T_ID

   16 VarDec: T_ID
   17       | VarDec T_LB T_INT T_RB

   18 FunDec: T_ID T_LP VarList T_RP
   19       | T_ID T_LP T_RP

   20 VarList: ParamDec T_COMMA VarList
   21        | ParamDec

   22 ParamDec: Specifier VarDec

   23 CompSt: T_LC DefList StmtList T_RC

   24 StmtList: ε
   25         | Stmt StmtList

   26 Stmt: Exp T_SEMI
   27     | CompSt
   28     | T_RETURN Exp T_SEMI
   29     | T_IF T_LP Exp T_RP Stmt
   30     | T_IF T_LP Exp T_RP Stmt T_ELSE Stmt
   31     | T_WHILE T_LP Exp T_RP Stmt

   32 DefList: ε
   33        | Def DefList

   34 Def: Specifier DecList T_SEMI

   35 DecList: Dec
   36        | Dec T_COMMA DecList

   37 Dec: VarDec
   38    | VarDec T_ASSIGNOP Exp

   39 Exp: Exp T_ASSIGNOP Exp
   40    | Exp T_AND Exp
   41    | Exp T_OR Exp
   42    | Exp T_RELOP Exp
   43    | Exp T_PLUS Exp
   44    | Exp T_MINUS Exp
   45    | Exp T_STAR Exp
   46    | Exp T_DIV Exp
   47    | T_LP Exp T_RP
   48    | T_ID T_LP T_RP
   49    | Exp T_DOT T_ID
   50    | T_MINUS Exp
   51    | T_NOT Exp
   52    | T_ID T_LP Args T_RP
   53    | Exp T_LB Exp T_RB
   54    | T_ID
   55    | T_INT
   56    | T_FLOAT

   57 Args: Exp T_COMMA Args
   58     | Exp


Terminals, with rules where they appear

    $end (0) 0
    error (256)
    T_INT <node_idx> (258) 17 55
    T_FLOAT <node_idx> (259) 56
    T_SEMI <node_idx> (260) 4 5 26 28 34
    T_COMMA <node_idx> (261) 8 20 36 57
    T_ASSIGNOP <node_idx> (262) 38 39
    T_PLUS <node_idx> (263) 43
    T_MINUS <node_idx> (264) 44 50
    T_STAR <node_idx> (265) 45
    T_DIV <node_idx> (266) 46
    T_AND <node_idx> (267) 40
    T_OR <node_idx> (268) 41
    T_DOT <node_idx> (269) 49
    T_NOT <node_idx> (270) 51
    T_LP <node_idx> (271) 18 19 29 30 31 47 48 52
    T_RP <node_idx> (272) 18 19 29 30 31 47 48 52
    T_LB <node_idx> (273) 17 53
    T_RB <node_idx> (274) 17 53
    T_LC <node_idx> (275) 11 23
    T_RC <node_idx> (276) 11 23
    T_STRUCT <node_idx> (277) 11 12
    T_RETURN <node_idx> (278) 28
    T_IF <node_idx> (279) 29 30
    T_ELSE <node_idx> (280) 30
    T_WHILE <node_idx> (281) 31
    T_TYPE <node_idx> (282) 9
    T_RELOP <node_idx> (283) 42
    T_ID <node_idx> (284) 14 15 16 18 19 48 49 52 54


Nonterminals, with rules where they appear

    $accept (30)
        on left: 0
    Program <node_idx> (31)
        on left: 1
        on right: 0
    ExtDefList <node_idx> (32)
        on left: 2 3
        on right: 1 3
    ExtDef <node_idx> (33)
        on left: 4 5 6
        on right: 3
    ExtDecList <node_idx> (34)
        on left: 7 8
        on right: 4 8
    Specifier <node_idx> (35)
        on left: 9 10
        on right: 4 5 6 22 34
    StructSpecifier <node_idx> (36)
        on left: 11 12
        on right: 10
    OptTag <node_idx> (37)
        on left: 13 14
        on right: 11
    Tag <node_idx> (38)
        on left: 15
        on right: 12
    VarDec <node_idx> (39)
        on left: 16 17
        on right: 7 8 17 22 37 38
    FunDec <node_idx> (40)
        on left: 18 19
        on right: 6
    VarList <node_idx> (41)
        on left: 20 21
        on right: 18 20
    ParamDec <node_idx> (42)
        on left: 22
        on right: 20 21
    CompSt <node_idx> (43)
        on left: 23
        on right: 6 27
    StmtList <node_idx> (44)
        on left: 24 25
        on right: 23 25
    Stmt <node_idx> (45)
        on left: 26 27 28 29 30 31
        on right: 25 29 30 31
    DefList <node_idx> (46)
        on left: 32 33
        on right: 11 23 33
    Def <node_idx> (47)
        on left: 34
        on right: 33
    DecList <node_idx> (48)
        on left: 35 36
        on right: 34 36
    Dec <node_idx> (49)
        on left: 37 38
        on right: 35 36
    Exp <node_idx> (50)
        on left: 39 40 41 42 43 44 45 46 47 48 49 50 51 52 53 54 55 56
        on right: 26 28 29 30 31 38 39 40 41 42 43 44 45 46 47 49 50 51 53 57 58
    Args <node_idx> (51)
        on left: 57 58
        on right: 52 57


State 0

    0 $accept: • Program $end

    T_STRUCT  shift, and go to state 1
    T_TYPE    shift, and go to state 2

    $default  reduce using rule 2 (ExtDefList)

    Program          go to state 3
    ExtDefList       go to state 4
    ExtDef           go to state 5
    Specifier        go to state 6
    StructSpecifier  go to state 7


State 1

   11 StructSpecifier: T_STRUCT • OptTag T_LC DefList T_RC
   12                | T_STRUCT • Tag

    T_ID  shift, and go to state 8

    $default  reduce using rule 13 (OptTag)

    OptTag  go to state 9
    Tag     go to state 10


State 2

    9 Specifier: T_TYPE •

    $default  reduce using rule 9 (Specifier)


State 3

    0 $accept: Program • $end

    $end  shift, and go to state 11


State 4

    1 Program: ExtDefList •

    $default  reduce using rule 1 (Program)


State 5

    3 ExtDefList: ExtDef • ExtDefList

    T_STRUCT  shift, and go to state 1
    T_TYPE    shift, and go to state 2

    $default  reduce using rule 2 (ExtDefList)

    ExtDefList       go to state 12
    ExtDef           go to state 5
    Specifier        go to state 6
    StructSpecifier  go to state 7


State 6

    4 ExtDef: Specifier • ExtDecList T_SEMI
    5       | Specifier • T_SEMI
    6       | Specifier • FunDec CompSt

    T_SEMI  shift, and go to state 13
    T_ID    shift, and go to state 14

    ExtDecList  go to state 15
    VarDec      go to state 16
    FunDec      go to state 17


State 7

   10 Specifier: StructSpecifier •

    $default  reduce using rule 10 (Specifier)


State 8

   14 OptTag: T_ID •
   15 Tag: T_ID •

    T_LC      reduce using rule 14 (OptTag)
    $default  reduce using rule 15 (Tag)


State 9

   11 StructSpecifier: T_STRUCT OptTag • T_LC DefList T_RC

    T_LC  shift, and go to state 18


State 10

   12 StructSpecifier: T_STRUCT Tag •

    $default  reduce using rule 12 (StructSpecifier)


State 11

    0 $accept: Program $end •

    $default  accept


State 12

    3 ExtDefList: ExtDef ExtDefList •

    $default  reduce using rule 3 (ExtDefList)


State 13

    5 ExtDef: Specifier T_SEMI •

    $default  reduce using rule 5 (ExtDef)


State 14

   16 VarDec: T_ID •
   18 FunDec: T_ID • T_LP VarList T_RP
   19       | T_ID • T_LP T_RP

    T_LP  shift, and go to state 19

    $default  reduce using rule 16 (VarDec)


State 15

    4 ExtDef: Specifier ExtDecList • T_SEMI

    T_SEMI  shift, and go to state 20


State 16

    7 ExtDecList: VarDec •
    8           | VarDec • T_COMMA ExtDecList
   17 VarDec: VarDec • T_LB T_INT T_RB

    T_COMMA  shift, and go to state 21
    T_LB     shift, and go to state 22

    $default  reduce using rule 7 (ExtDecList)


State 17

    6 ExtDef: Specifier FunDec • CompSt

    T_LC  shift, and go to state 23

    CompSt  go to state 24


State 18

   11 StructSpecifier: T_STRUCT OptTag T_LC • DefList T_RC

    T_STRUCT  shift, and go to state 1
    T_TYPE    shift, and go to state 2

    $default  reduce using rule 32 (DefList)

    Specifier        go to state 25
    StructSpecifier  go to state 7
    DefList          go to state 26
    Def              go to state 27


State 19

   18 FunDec: T_ID T_LP • VarList T_RP
   19       | T_ID T_LP • T_RP

    T_RP      shift, and go to state 28
    T_STRUCT  shift, and go to state 1
    T_TYPE    shift, and go to state 2

    Specifier        go to state 29
    StructSpecifier  go to state 7
    VarList          go to state 30
    ParamDec         go to state 31


State 20

    4 ExtDef: Specifier ExtDecList T_SEMI •

    $default  reduce using rule 4 (ExtDef)


State 21

    8 ExtDecList: VarDec T_COMMA • ExtDecList

    T_ID  shift, and go to state 32

    ExtDecList  go to state 33
    VarDec      go to state 16


State 22

   17 VarDec: VarDec T_LB • T_INT T_RB

    T_INT  shift, and go to state 34


State 23

   23 CompSt: T_LC • DefList StmtList T_RC

    T_STRUCT  shift, and go to state 1
    T_TYPE    shift, and go to state 2

    $default  reduce using rule 32 (DefList)

    Specifier        go to state 25
    StructSpecifier  go to state 7
    DefList          go to state 35
    Def              go to state 27


State 24

    6 ExtDef: Specifier FunDec CompSt •

    $default  reduce using rule 6 (ExtDef)


State 25

   34 Def: Specifier • DecList T_SEMI

    T_ID  shift, and go to state 32

    VarDec   go to state 36
    DecList  go to state 37
    Dec      go to state 38


State 26

   11 StructSpecifier: T_STRUCT OptTag T_LC DefList • T_RC

    T_RC  shift, and go to state 39


State 27

   33 DefList: Def • DefList

    T_STRUCT  shift, and go to state 1
    T_TYPE    shift, and go to state 2

    $default  reduce using rule 32 (DefList)

    Specifier        go to state 25
    StructSpecifier  go to state 7
    DefList          go to state 40
    Def              go to state 27


State 28

   19 FunDec: T_ID T_LP T_RP •

    $default  reduce using rule 19 (FunDec)


State 29

   22 ParamDec: Specifier • VarDec

    T_ID  shift, and go to state 32

    VarDec  go to state 41


State 30

   18 FunDec: T_ID T_LP VarList • T_RP

    T_RP  shift, and go to state 42


State 31

   20 VarList: ParamDec • T_COMMA VarList
   21        | ParamDec •

    T_COMMA  shift, and go to state 43

    $default  reduce using rule 21 (VarList)


State 32

   16 VarDec: T_ID •

    $default  reduce using rule 16 (VarDec)


State 33

    8 ExtDecList: VarDec T_COMMA ExtDecList •

    $default  reduce using rule 8 (ExtDecList)


State 34

   17 VarDec: VarDec T_LB T_INT • T_RB

    T_RB  shift, and go to state 44


State 35

   23 CompSt: T_LC DefList • StmtList T_RC

    T_INT     shift, and go to state 45
    T_FLOAT   shift, and go to state 46
    T_MINUS   shift, and go to state 47
    T_NOT     shift, and go to state 48
    T_LP      shift, and go to state 49
    T_LC      shift, and go to state 23
    T_RETURN  shift, and go to state 50
    T_IF      shift, and go to state 51
    T_WHILE   shift, and go to state 52
    T_ID      shift, and go to state 53

    $default  reduce using rule 24 (StmtList)

    CompSt    go to state 54
    StmtList  go to state 55
    Stmt      go to state 56
    Exp       go to state 57


State 36

   17 VarDec: VarDec • T_LB T_INT T_RB
   37 Dec: VarDec •
   38    | VarDec • T_ASSIGNOP Exp

    T_ASSIGNOP  shift, and go to state 58
    T_LB        shift, and go to state 22

    $default  reduce using rule 37 (Dec)


State 37

   34 Def: Specifier DecList • T_SEMI

    T_SEMI  shift, and go to state 59


State 38

   35 DecList: Dec •
   36        | Dec • T_COMMA DecList

    T_COMMA  shift, and go to state 60

    $default  reduce using rule 35 (DecList)


State 39

   11 StructSpecifier: T_STRUCT OptTag T_LC DefList T_RC •

    $default  reduce using rule 11 (StructSpecifier)


State 40

   33 DefList: Def DefList •

    $default  reduce using rule 33 (DefList)


State 41

   17 VarDec: VarDec • T_LB T_INT T_RB
   22 ParamDec: Specifier VarDec •

    T_LB  shift, and go to state 22

    $default  reduce using rule 22 (ParamDec)


State 42

   18 FunDec: T_ID T_LP VarList T_RP •

    $default  reduce using rule 18 (FunDec)


State 43

   20 VarList: ParamDec T_COMMA • VarList

    T_STRUCT  shift, and go to state 1
    T_TYPE    shift, and go to state 2

    Specifier        go to state 29
    StructSpecifier  go to state 7
    VarList          go to state 61
    ParamDec         go to state 31


State 44

   17 VarDec: VarDec T_LB T_INT T_RB •

    $default  reduce using rule 17 (VarDec)


State 45

   55 Exp: T_INT •

    $default  reduce using rule 55 (Exp)


State 46

   56 Exp: T_FLOAT •

    $default  reduce using rule 56 (Exp)


State 47

   50 Exp: T_MINUS • Exp

    T_INT    shift, and go to state 45
    T_FLOAT  shift, and go to state 46
    T_MINUS  shift, and go to state 47
    T_NOT    shift, and go to state 48
    T_LP     shift, and go to state 49
    T_ID     shift, and go to state 53

    Exp  go to state 62


State 48

   51 Exp: T_NOT • Exp

    T_INT    shift, and go to state 45
    T_FLOAT  shift, and go to state 46
    T_MINUS  shift, and go to state 47
    T_NOT    shift, and go to state 48
    T_LP     shift, and go to state 49
    T_ID     shift, and go to state 53

    Exp  go to state 63


State 49

   47 Exp: T_LP • Exp T_RP

    T_INT    shift, and go to state 45
    T_FLOAT  shift, and go to state 46
    T_MINUS  shift, and go to state 47
    T_NOT    shift, and go to state 48
    T_LP     shift, and go to state 49
    T_ID     shift, and go to state 53

    Exp  go to state 64


State 50

   28 Stmt: T_RETURN • Exp T_SEMI

    T_INT    shift, and go to state 45
    T_FLOAT  shift, and go to state 46
    T_MINUS  shift, and go to state 47
    T_NOT    shift, and go to state 48
    T_LP     shift, and go to state 49
    T_ID     shift, and go to state 53

    Exp  go to state 65


State 51

   29 Stmt: T_IF • T_LP Exp T_RP Stmt
   30     | T_IF • T_LP Exp T_RP Stmt T_ELSE Stmt

    T_LP  shift, and go to state 66


State 52

   31 Stmt: T_WHILE • T_LP Exp T_RP Stmt

    T_LP  shift, and go to state 67


State 53

   48 Exp: T_ID • T_LP T_RP
   52    | T_ID • T_LP Args T_RP
   54    | T_ID •

    T_LP  shift, and go to state 68

    $default  reduce using rule 54 (Exp)


State 54

   27 Stmt: CompSt •

    $default  reduce using rule 27 (Stmt)


State 55

   23 CompSt: T_LC DefList StmtList • T_RC

    T_RC  shift, and go to state 69


State 56

   25 StmtList: Stmt • StmtList

    T_INT     shift, and go to state 45
    T_FLOAT   shift, and go to state 46
    T_MINUS   shift, and go to state 47
    T_NOT     shift, and go to state 48
    T_LP      shift, and go to state 49
    T_LC      shift, and go to state 23
    T_RETURN  shift, and go to state 50
    T_IF      shift, and go to state 51
    T_WHILE   shift, and go to state 52
    T_ID      shift, and go to state 53

    $default  reduce using rule 24 (StmtList)

    CompSt    go to state 54
    StmtList  go to state 70
    Stmt      go to state 56
    Exp       go to state 57


State 57

   26 Stmt: Exp • T_SEMI
   39 Exp: Exp • T_ASSIGNOP Exp
   40    | Exp • T_AND Exp
   41    | Exp • T_OR Exp
   42    | Exp • T_RELOP Exp
   43    | Exp • T_PLUS Exp
   44    | Exp • T_MINUS Exp
   45    | Exp • T_STAR Exp
   46    | Exp • T_DIV Exp
   49    | Exp • T_DOT T_ID
   53    | Exp • T_LB Exp T_RB

    T_SEMI      shift, and go to state 71
    T_ASSIGNOP  shift, and go to state 72
    T_PLUS      shift, and go to state 73
    T_MINUS     shift, and go to state 74
    T_STAR      shift, and go to state 75
    T_DIV       shift, and go to state 76
    T_AND       shift, and go to state 77
    T_OR        shift, and go to state 78
    T_DOT       shift, and go to state 79
    T_LB        shift, and go to state 80
    T_RELOP     shift, and go to state 81


State 58

   38 Dec: VarDec T_ASSIGNOP • Exp

    T_INT    shift, and go to state 45
    T_FLOAT  shift, and go to state 46
    T_MINUS  shift, and go to state 47
    T_NOT    shift, and go to state 48
    T_LP     shift, and go to state 49
    T_ID     shift, and go to state 53

    Exp  go to state 82


State 59

   34 Def: Specifier DecList T_SEMI •

    $default  reduce using rule 34 (Def)


State 60

   36 DecList: Dec T_COMMA • DecList

    T_ID  shift, and go to state 32

    VarDec   go to state 36
    DecList  go to state 83
    Dec      go to state 38


State 61

   20 VarList: ParamDec T_COMMA VarList •

    $default  reduce using rule 20 (VarList)


State 62

   39 Exp: Exp • T_ASSIGNOP Exp
   40    | Exp • T_AND Exp
   41    | Exp • T_OR Exp
   42    | Exp • T_RELOP Exp
   43    | Exp • T_PLUS Exp
   44    | Exp • T_MINUS Exp
   45    | Exp • T_STAR Exp
   46    | Exp • T_DIV Exp
   49    | Exp • T_DOT T_ID
   50    | T_MINUS Exp •
   53    | Exp • T_LB Exp T_RB

    T_ASSIGNOP  shift, and go to state 72
    T_PLUS      shift, and go to state 73
    T_MINUS     shift, and go to state 74
    T_STAR      shift, and go to state 75
    T_DIV       shift, and go to state 76
    T_AND       shift, and go to state 77
    T_OR        shift, and go to state 78
    T_DOT       shift, and go to state 79
    T_LB        shift, and go to state 80
    T_RELOP     shift, and go to state 81

    T_ASSIGNOP  [reduce using rule 50 (Exp)]
    T_PLUS      [reduce using rule 50 (Exp)]
    T_MINUS     [reduce using rule 50 (Exp)]
    T_STAR      [reduce using rule 50 (Exp)]
    T_DIV       [reduce using rule 50 (Exp)]
    T_AND       [reduce using rule 50 (Exp)]
    T_OR        [reduce using rule 50 (Exp)]
    T_DOT       [reduce using rule 50 (Exp)]
    T_LB        [reduce using rule 50 (Exp)]
    T_RELOP     [reduce using rule 50 (Exp)]
    $default    reduce using rule 50 (Exp)


State 63

   39 Exp: Exp • T_ASSIGNOP Exp
   40    | Exp • T_AND Exp
   41    | Exp • T_OR Exp
   42    | Exp • T_RELOP Exp
   43    | Exp • T_PLUS Exp
   44    | Exp • T_MINUS Exp
   45    | Exp • T_STAR Exp
   46    | Exp • T_DIV Exp
   49    | Exp • T_DOT T_ID
   51    | T_NOT Exp •
   53    | Exp • T_LB Exp T_RB

    T_ASSIGNOP  shift, and go to state 72
    T_PLUS      shift, and go to state 73
    T_MINUS     shift, and go to state 74
    T_STAR      shift, and go to state 75
    T_DIV       shift, and go to state 76
    T_AND       shift, and go to state 77
    T_OR        shift, and go to state 78
    T_DOT       shift, and go to state 79
    T_LB        shift, and go to state 80
    T_RELOP     shift, and go to state 81

    T_ASSIGNOP  [reduce using rule 51 (Exp)]
    T_PLUS      [reduce using rule 51 (Exp)]
    T_MINUS     [reduce using rule 51 (Exp)]
    T_STAR      [reduce using rule 51 (Exp)]
    T_DIV       [reduce using rule 51 (Exp)]
    T_AND       [reduce using rule 51 (Exp)]
    T_OR        [reduce using rule 51 (Exp)]
    T_DOT       [reduce using rule 51 (Exp)]
    T_LB        [reduce using rule 51 (Exp)]
    T_RELOP     [reduce using rule 51 (Exp)]
    $default    reduce using rule 51 (Exp)


State 64

   39 Exp: Exp • T_ASSIGNOP Exp
   40    | Exp • T_AND Exp
   41    | Exp • T_OR Exp
   42    | Exp • T_RELOP Exp
   43    | Exp • T_PLUS Exp
   44    | Exp • T_MINUS Exp
   45    | Exp • T_STAR Exp
   46    | Exp • T_DIV Exp
   47    | T_LP Exp • T_RP
   49    | Exp • T_DOT T_ID
   53    | Exp • T_LB Exp T_RB

    T_ASSIGNOP  shift, and go to state 72
    T_PLUS      shift, and go to state 73
    T_MINUS     shift, and go to state 74
    T_STAR      shift, and go to state 75
    T_DIV       shift, and go to state 76
    T_AND       shift, and go to state 77
    T_OR        shift, and go to state 78
    T_DOT       shift, and go to state 79
    T_RP        shift, and go to state 84
    T_LB        shift, and go to state 80
    T_RELOP     shift, and go to state 81


State 65

   28 Stmt: T_RETURN Exp • T_SEMI
   39 Exp: Exp • T_ASSIGNOP Exp
   40    | Exp • T_AND Exp
   41    | Exp • T_OR Exp
   42    | Exp • T_RELOP Exp
   43    | Exp • T_PLUS Exp
   44    | Exp • T_MINUS Exp
   45    | Exp • T_STAR Exp
   46    | Exp • T_DIV Exp
   49    | Exp • T_DOT T_ID
   53    | Exp • T_LB Exp T_RB

    T_SEMI      shift, and go to state 85
    T_ASSIGNOP  shift, and go to state 72
    T_PLUS      shift, and go to state 73
    T_MINUS     shift, and go to state 74
    T_STAR      shift, and go to state 75
    T_DIV       shift, and go to state 76
    T_AND       shift, and go to state 77
    T_OR        shift, and go to state 78
    T_DOT       shift, and go to state 79
    T_LB        shift, and go to state 80
    T_RELOP     shift, and go to state 81


State 66

   29 Stmt: T_IF T_LP • Exp T_RP Stmt
   30     | T_IF T_LP • Exp T_RP Stmt T_ELSE Stmt

    T_INT    shift, and go to state 45
    T_FLOAT  shift, and go to state 46
    T_MINUS  shift, and go to state 47
    T_NOT    shift, and go to state 48
    T_LP     shift, and go to state 49
    T_ID     shift, and go to state 53

    Exp  go to state 86


State 67

   31 Stmt: T_WHILE T_LP • Exp T_RP Stmt

    T_INT    shift, and go to state 45
    T_FLOAT  shift, and go to state 46
    T_MINUS  shift, and go to state 47
    T_NOT    shift, and go to state 48
    T_LP     shift, and go to state 49
    T_ID     shift, and go to state 53

    Exp  go to state 87


State 68

   48 Exp: T_ID T_LP • T_RP
   52    | T_ID T_LP • Args T_RP

    T_INT    shift, and go to state 45
    T_FLOAT  shift, and go to state 46
    T_MINUS  shift, and go to state 47
    T_NOT    shift, and go to state 48
    T_LP     shift, and go to state 49
    T_RP     shift, and go to state 88
    T_ID     shift, and go to state 53

    Exp   go to state 89
    Args  go to state 90


State 69

   23 CompSt: T_LC DefList StmtList T_RC •

    $default  reduce using rule 23 (CompSt)


State 70

   25 StmtList: Stmt StmtList •

    $default  reduce using rule 25 (StmtList)


State 71

   26 Stmt: Exp T_SEMI •

    $default  reduce using rule 26 (Stmt)


State 72

   39 Exp: Exp T_ASSIGNOP • Exp

    T_INT    shift, and go to state 45
    T_FLOAT  shift, and go to state 46
    T_MINUS  shift, and go to state 47
    T_NOT    shift, and go to state 48
    T_LP     shift, and go to state 49
    T_ID     shift, and go to state 53

    Exp  go to state 91


State 73

   43 Exp: Exp T_PLUS • Exp

    T_INT    shift, and go to state 45
    T_FLOAT  shift, and go to state 46
    T_MINUS  shift, and go to state 47
    T_NOT    shift, and go to state 48
    T_LP     shift, and go to state 49
    T_ID     shift, and go to state 53

    Exp  go to state 92


State 74

   44 Exp: Exp T_MINUS • Exp

    T_INT    shift, and go to state 45
    T_FLOAT  shift, and go to state 46
    T_MINUS  shift, and go to state 47
    T_NOT    shift, and go to state 48
    T_LP     shift, and go to state 49
    T_ID     shift, and go to state 53

    Exp  go to state 93


State 75

   45 Exp: Exp T_STAR • Exp

    T_INT    shift, and go to state 45
    T_FLOAT  shift, and go to state 46
    T_MINUS  shift, and go to state 47
    T_NOT    shift, and go to state 48
    T_LP     shift, and go to state 49
    T_ID     shift, and go to state 53

    Exp  go to state 94


State 76

   46 Exp: Exp T_DIV • Exp

    T_INT    shift, and go to state 45
    T_FLOAT  shift, and go to state 46
    T_MINUS  shift, and go to state 47
    T_NOT    shift, and go to state 48
    T_LP     shift, and go to state 49
    T_ID     shift, and go to state 53

    Exp  go to state 95


State 77

   40 Exp: Exp T_AND • Exp

    T_INT    shift, and go to state 45
    T_FLOAT  shift, and go to state 46
    T_MINUS  shift, and go to state 47
    T_NOT    shift, and go to state 48
    T_LP     shift, and go to state 49
    T_ID     shift, and go to state 53

    Exp  go to state 96


State 78

   41 Exp: Exp T_OR • Exp

    T_INT    shift, and go to state 45
    T_FLOAT  shift, and go to state 46
    T_MINUS  shift, and go to state 47
    T_NOT    shift, and go to state 48
    T_LP     shift, and go to state 49
    T_ID     shift, and go to state 53

    Exp  go to state 97


State 79

   49 Exp: Exp T_DOT • T_ID

    T_ID  shift, and go to state 98


State 80

   53 Exp: Exp T_LB • Exp T_RB

    T_INT    shift, and go to state 45
    T_FLOAT  shift, and go to state 46
    T_MINUS  shift, and go to state 47
    T_NOT    shift, and go to state 48
    T_LP     shift, and go to state 49
    T_ID     shift, and go to state 53

    Exp  go to state 99


State 81

   42 Exp: Exp T_RELOP • Exp

    T_INT    shift, and go to state 45
    T_FLOAT  shift, and go to state 46
    T_MINUS  shift, and go to state 47
    T_NOT    shift, and go to state 48
    T_LP     shift, and go to state 49
    T_ID     shift, and go to state 53

    Exp  go to state 100


State 82

   38 Dec: VarDec T_ASSIGNOP Exp •
   39 Exp: Exp • T_ASSIGNOP Exp
   40    | Exp • T_AND Exp
   41    | Exp • T_OR Exp
   42    | Exp • T_RELOP Exp
   43    | Exp • T_PLUS Exp
   44    | Exp • T_MINUS Exp
   45    | Exp • T_STAR Exp
   46    | Exp • T_DIV Exp
   49    | Exp • T_DOT T_ID
   53    | Exp • T_LB Exp T_RB

    T_ASSIGNOP  shift, and go to state 72
    T_PLUS      shift, and go to state 73
    T_MINUS     shift, and go to state 74
    T_STAR      shift, and go to state 75
    T_DIV       shift, and go to state 76
    T_AND       shift, and go to state 77
    T_OR        shift, and go to state 78
    T_DOT       shift, and go to state 79
    T_LB        shift, and go to state 80
    T_RELOP     shift, and go to state 81

    $default  reduce using rule 38 (Dec)


State 83

   36 DecList: Dec T_COMMA DecList •

    $default  reduce using rule 36 (DecList)


State 84

   47 Exp: T_LP Exp T_RP •

    $default  reduce using rule 47 (Exp)


State 85

   28 Stmt: T_RETURN Exp T_SEMI •

    $default  reduce using rule 28 (Stmt)


State 86

   29 Stmt: T_IF T_LP Exp • T_RP Stmt
   30     | T_IF T_LP Exp • T_RP Stmt T_ELSE Stmt
   39 Exp: Exp • T_ASSIGNOP Exp
   40    | Exp • T_AND Exp
   41    | Exp • T_OR Exp
   42    | Exp • T_RELOP Exp
   43    | Exp • T_PLUS Exp
   44    | Exp • T_MINUS Exp
   45    | Exp • T_STAR Exp
   46    | Exp • T_DIV Exp
   49    | Exp • T_DOT T_ID
   53    | Exp • T_LB Exp T_RB

    T_ASSIGNOP  shift, and go to state 72
    T_PLUS      shift, and go to state 73
    T_MINUS     shift, and go to state 74
    T_STAR      shift, and go to state 75
    T_DIV       shift, and go to state 76
    T_AND       shift, and go to state 77
    T_OR        shift, and go to state 78
    T_DOT       shift, and go to state 79
    T_RP        shift, and go to state 101
    T_LB        shift, and go to state 80
    T_RELOP     shift, and go to state 81


State 87

   31 Stmt: T_WHILE T_LP Exp • T_RP Stmt
   39 Exp: Exp • T_ASSIGNOP Exp
   40    | Exp • T_AND Exp
   41    | Exp • T_OR Exp
   42    | Exp • T_RELOP Exp
   43    | Exp • T_PLUS Exp
   44    | Exp • T_MINUS Exp
   45    | Exp • T_STAR Exp
   46    | Exp • T_DIV Exp
   49    | Exp • T_DOT T_ID
   53    | Exp • T_LB Exp T_RB

    T_ASSIGNOP  shift, and go to state 72
    T_PLUS      shift, and go to state 73
    T_MINUS     shift, and go to state 74
    T_STAR      shift, and go to state 75
    T_DIV       shift, and go to state 76
    T_AND       shift, and go to state 77
    T_OR        shift, and go to state 78
    T_DOT       shift, and go to state 79
    T_RP        shift, and go to state 102
    T_LB        shift, and go to state 80
    T_RELOP     shift, and go to state 81


State 88

   48 Exp: T_ID T_LP T_RP •

    $default  reduce using rule 48 (Exp)


State 89

   39 Exp: Exp • T_ASSIGNOP Exp
   40    | Exp • T_AND Exp
   41    | Exp • T_OR Exp
   42    | Exp • T_RELOP Exp
   43    | Exp • T_PLUS Exp
   44    | Exp • T_MINUS Exp
   45    | Exp • T_STAR Exp
   46    | Exp • T_DIV Exp
   49    | Exp • T_DOT T_ID
   53    | Exp • T_LB Exp T_RB
   57 Args: Exp • T_COMMA Args
   58     | Exp •

    T_COMMA     shift, and go to state 103
    T_ASSIGNOP  shift, and go to state 72
    T_PLUS      shift, and go to state 73
    T_MINUS     shift, and go to state 74
    T_STAR      shift, and go to state 75
    T_DIV       shift, and go to state 76
    T_AND       shift, and go to state 77
    T_OR        shift, and go to state 78
    T_DOT       shift, and go to state 79
    T_LB        shift, and go to state 80
    T_RELOP     shift, and go to state 81

    $default  reduce using rule 58 (Args)


State 90

   52 Exp: T_ID T_LP Args • T_RP

    T_RP  shift, and go to state 104


State 91

   39 Exp: Exp • T_ASSIGNOP Exp
   39    | Exp T_ASSIGNOP Exp •
   40    | Exp • T_AND Exp
   41    | Exp • T_OR Exp
   42    | Exp • T_RELOP Exp
   43    | Exp • T_PLUS Exp
   44    | Exp • T_MINUS Exp
   45    | Exp • T_STAR Exp
   46    | Exp • T_DIV Exp
   49    | Exp • T_DOT T_ID
   53    | Exp • T_LB Exp T_RB

    T_ASSIGNOP  shift, and go to state 72
    T_PLUS      shift, and go to state 73
    T_MINUS     shift, and go to state 74
    T_STAR      shift, and go to state 75
    T_DIV       shift, and go to state 76
    T_AND       shift, and go to state 77
    T_OR        shift, and go to state 78
    T_DOT       shift, and go to state 79
    T_LB        shift, and go to state 80
    T_RELOP     shift, and go to state 81

    T_ASSIGNOP  [reduce using rule 39 (Exp)]
    T_PLUS      [reduce using rule 39 (Exp)]
    T_MINUS     [reduce using rule 39 (Exp)]
    T_STAR      [reduce using rule 39 (Exp)]
    T_DIV       [reduce using rule 39 (Exp)]
    T_AND       [reduce using rule 39 (Exp)]
    T_OR        [reduce using rule 39 (Exp)]
    T_DOT       [reduce using rule 39 (Exp)]
    T_LB        [reduce using rule 39 (Exp)]
    T_RELOP     [reduce using rule 39 (Exp)]
    $default    reduce using rule 39 (Exp)


State 92

   39 Exp: Exp • T_ASSIGNOP Exp
   40    | Exp • T_AND Exp
   41    | Exp • T_OR Exp
   42    | Exp • T_RELOP Exp
   43    | Exp • T_PLUS Exp
   43    | Exp T_PLUS Exp •
   44    | Exp • T_MINUS Exp
   45    | Exp • T_STAR Exp
   46    | Exp • T_DIV Exp
   49    | Exp • T_DOT T_ID
   53    | Exp • T_LB Exp T_RB

    T_ASSIGNOP  shift, and go to state 72
    T_PLUS      shift, and go to state 73
    T_MINUS     shift, and go to state 74
    T_STAR      shift, and go to state 75
    T_DIV       shift, and go to state 76
    T_AND       shift, and go to state 77
    T_OR        shift, and go to state 78
    T_DOT       shift, and go to state 79
    T_LB        shift, and go to state 80
    T_RELOP     shift, and go to state 81

    T_ASSIGNOP  [reduce using rule 43 (Exp)]
    T_PLUS      [reduce using rule 43 (Exp)]
    T_MINUS     [reduce using rule 43 (Exp)]
    T_STAR      [reduce using rule 43 (Exp)]
    T_DIV       [reduce using rule 43 (Exp)]
    T_AND       [reduce using rule 43 (Exp)]
    T_OR        [reduce using rule 43 (Exp)]
    T_DOT       [reduce using rule 43 (Exp)]
    T_LB        [reduce using rule 43 (Exp)]
    T_RELOP     [reduce using rule 43 (Exp)]
    $default    reduce using rule 43 (Exp)


State 93

   39 Exp: Exp • T_ASSIGNOP Exp
   40    | Exp • T_AND Exp
   41    | Exp • T_OR Exp
   42    | Exp • T_RELOP Exp
   43    | Exp • T_PLUS Exp
   44    | Exp • T_MINUS Exp
   44    | Exp T_MINUS Exp •
   45    | Exp • T_STAR Exp
   46    | Exp • T_DIV Exp
   49    | Exp • T_DOT T_ID
   53    | Exp • T_LB Exp T_RB

    T_ASSIGNOP  shift, and go to state 72
    T_PLUS      shift, and go to state 73
    T_MINUS     shift, and go to state 74
    T_STAR      shift, and go to state 75
    T_DIV       shift, and go to state 76
    T_AND       shift, and go to state 77
    T_OR        shift, and go to state 78
    T_DOT       shift, and go to state 79
    T_LB        shift, and go to state 80
    T_RELOP     shift, and go to state 81

    T_ASSIGNOP  [reduce using rule 44 (Exp)]
    T_PLUS      [reduce using rule 44 (Exp)]
    T_MINUS     [reduce using rule 44 (Exp)]
    T_STAR      [reduce using rule 44 (Exp)]
    T_DIV       [reduce using rule 44 (Exp)]
    T_AND       [reduce using rule 44 (Exp)]
    T_OR        [reduce using rule 44 (Exp)]
    T_DOT       [reduce using rule 44 (Exp)]
    T_LB        [reduce using rule 44 (Exp)]
    T_RELOP     [reduce using rule 44 (Exp)]
    $default    reduce using rule 44 (Exp)


State 94

   39 Exp: Exp • T_ASSIGNOP Exp
   40    | Exp • T_AND Exp
   41    | Exp • T_OR Exp
   42    | Exp • T_RELOP Exp
   43    | Exp • T_PLUS Exp
   44    | Exp • T_MINUS Exp
   45    | Exp • T_STAR Exp
   45    | Exp T_STAR Exp •
   46    | Exp • T_DIV Exp
   49    | Exp • T_DOT T_ID
   53    | Exp • T_LB Exp T_RB

    T_ASSIGNOP  shift, and go to state 72
    T_PLUS      shift, and go to state 73
    T_MINUS     shift, and go to state 74
    T_STAR      shift, and go to state 75
    T_DIV       shift, and go to state 76
    T_AND       shift, and go to state 77
    T_OR        shift, and go to state 78
    T_DOT       shift, and go to state 79
    T_LB        shift, and go to state 80
    T_RELOP     shift, and go to state 81

    T_ASSIGNOP  [reduce using rule 45 (Exp)]
    T_PLUS      [reduce using rule 45 (Exp)]
    T_MINUS     [reduce using rule 45 (Exp)]
    T_STAR      [reduce using rule 45 (Exp)]
    T_DIV       [reduce using rule 45 (Exp)]
    T_AND       [reduce using rule 45 (Exp)]
    T_OR        [reduce using rule 45 (Exp)]
    T_DOT       [reduce using rule 45 (Exp)]
    T_LB        [reduce using rule 45 (Exp)]
    T_RELOP     [reduce using rule 45 (Exp)]
    $default    reduce using rule 45 (Exp)


State 95

   39 Exp: Exp • T_ASSIGNOP Exp
   40    | Exp • T_AND Exp
   41    | Exp • T_OR Exp
   42    | Exp • T_RELOP Exp
   43    | Exp • T_PLUS Exp
   44    | Exp • T_MINUS Exp
   45    | Exp • T_STAR Exp
   46    | Exp • T_DIV Exp
   46    | Exp T_DIV Exp •
   49    | Exp • T_DOT T_ID
   53    | Exp • T_LB Exp T_RB

    T_ASSIGNOP  shift, and go to state 72
    T_PLUS      shift, and go to state 73
    T_MINUS     shift, and go to state 74
    T_STAR      shift, and go to state 75
    T_DIV       shift, and go to state 76
    T_AND       shift, and go to state 77
    T_OR        shift, and go to state 78
    T_DOT       shift, and go to state 79
    T_LB        shift, and go to state 80
    T_RELOP     shift, and go to state 81

    T_ASSIGNOP  [reduce using rule 46 (Exp)]
    T_PLUS      [reduce using rule 46 (Exp)]
    T_MINUS     [reduce using rule 46 (Exp)]
    T_STAR      [reduce using rule 46 (Exp)]
    T_DIV       [reduce using rule 46 (Exp)]
    T_AND       [reduce using rule 46 (Exp)]
    T_OR        [reduce using rule 46 (Exp)]
    T_DOT       [reduce using rule 46 (Exp)]
    T_LB        [reduce using rule 46 (Exp)]
    T_RELOP     [reduce using rule 46 (Exp)]
    $default    reduce using rule 46 (Exp)


State 96

   39 Exp: Exp • T_ASSIGNOP Exp
   40    | Exp • T_AND Exp
   40    | Exp T_AND Exp •
   41    | Exp • T_OR Exp
   42    | Exp • T_RELOP Exp
   43    | Exp • T_PLUS Exp
   44    | Exp • T_MINUS Exp
   45    | Exp • T_STAR Exp
   46    | Exp • T_DIV Exp
   49    | Exp • T_DOT T_ID
   53    | Exp • T_LB Exp T_RB

    T_ASSIGNOP  shift, and go to state 72
    T_PLUS      shift, and go to state 73
    T_MINUS     shift, and go to state 74
    T_STAR      shift, and go to state 75
    T_DIV       shift, and go to state 76
    T_AND       shift, and go to state 77
    T_OR        shift, and go to state 78
    T_DOT       shift, and go to state 79
    T_LB        shift, and go to state 80
    T_RELOP     shift, and go to state 81

    T_ASSIGNOP  [reduce using rule 40 (Exp)]
    T_PLUS      [reduce using rule 40 (Exp)]
    T_MINUS     [reduce using rule 40 (Exp)]
    T_STAR      [reduce using rule 40 (Exp)]
    T_DIV       [reduce using rule 40 (Exp)]
    T_AND       [reduce using rule 40 (Exp)]
    T_OR        [reduce using rule 40 (Exp)]
    T_DOT       [reduce using rule 40 (Exp)]
    T_LB        [reduce using rule 40 (Exp)]
    T_RELOP     [reduce using rule 40 (Exp)]
    $default    reduce using rule 40 (Exp)


State 97

   39 Exp: Exp • T_ASSIGNOP Exp
   40    | Exp • T_AND Exp
   41    | Exp • T_OR Exp
   41    | Exp T_OR Exp •
   42    | Exp • T_RELOP Exp
   43    | Exp • T_PLUS Exp
   44    | Exp • T_MINUS Exp
   45    | Exp • T_STAR Exp
   46    | Exp • T_DIV Exp
   49    | Exp • T_DOT T_ID
   53    | Exp • T_LB Exp T_RB

    T_ASSIGNOP  shift, and go to state 72
    T_PLUS      shift, and go to state 73
    T_MINUS     shift, and go to state 74
    T_STAR      shift, and go to state 75
    T_DIV       shift, and go to state 76
    T_AND       shift, and go to state 77
    T_OR        shift, and go to state 78
    T_DOT       shift, and go to state 79
    T_LB        shift, and go to state 80
    T_RELOP     shift, and go to state 81

    T_ASSIGNOP  [reduce using rule 41 (Exp)]
    T_PLUS      [reduce using rule 41 (Exp)]
    T_MINUS     [reduce using rule 41 (Exp)]
    T_STAR      [reduce using rule 41 (Exp)]
    T_DIV       [reduce using rule 41 (Exp)]
    T_AND       [reduce using rule 41 (Exp)]
    T_OR        [reduce using rule 41 (Exp)]
    T_DOT       [reduce using rule 41 (Exp)]
    T_LB        [reduce using rule 41 (Exp)]
    T_RELOP     [reduce using rule 41 (Exp)]
    $default    reduce using rule 41 (Exp)


State 98

   49 Exp: Exp T_DOT T_ID •

    $default  reduce using rule 49 (Exp)


State 99

   39 Exp: Exp • T_ASSIGNOP Exp
   40    | Exp • T_AND Exp
   41    | Exp • T_OR Exp
   42    | Exp • T_RELOP Exp
   43    | Exp • T_PLUS Exp
   44    | Exp • T_MINUS Exp
   45    | Exp • T_STAR Exp
   46    | Exp • T_DIV Exp
   49    | Exp • T_DOT T_ID
   53    | Exp • T_LB Exp T_RB
   53    | Exp T_LB Exp • T_RB

    T_ASSIGNOP  shift, and go to state 72
    T_PLUS      shift, and go to state 73
    T_MINUS     shift, and go to state 74
    T_STAR      shift, and go to state 75
    T_DIV       shift, and go to state 76
    T_AND       shift, and go to state 77
    T_OR        shift, and go to state 78
    T_DOT       shift, and go to state 79
    T_LB        shift, and go to state 80
    T_RB        shift, and go to state 105
    T_RELOP     shift, and go to state 81


State 100

   39 Exp: Exp • T_ASSIGNOP Exp
   40    | Exp • T_AND Exp
   41    | Exp • T_OR Exp
   42    | Exp • T_RELOP Exp
   42    | Exp T_RELOP Exp •
   43    | Exp • T_PLUS Exp
   44    | Exp • T_MINUS Exp
   45    | Exp • T_STAR Exp
   46    | Exp • T_DIV Exp
   49    | Exp • T_DOT T_ID
   53    | Exp • T_LB Exp T_RB

    T_ASSIGNOP  shift, and go to state 72
    T_PLUS      shift, and go to state 73
    T_MINUS     shift, and go to state 74
    T_STAR      shift, and go to state 75
    T_DIV       shift, and go to state 76
    T_AND       shift, and go to state 77
    T_OR        shift, and go to state 78
    T_DOT       shift, and go to state 79
    T_LB        shift, and go to state 80
    T_RELOP     shift, and go to state 81

    T_ASSIGNOP  [reduce using rule 42 (Exp)]
    T_PLUS      [reduce using rule 42 (Exp)]
    T_MINUS     [reduce using rule 42 (Exp)]
    T_STAR      [reduce using rule 42 (Exp)]
    T_DIV       [reduce using rule 42 (Exp)]
    T_AND       [reduce using rule 42 (Exp)]
    T_OR        [reduce using rule 42 (Exp)]
    T_DOT       [reduce using rule 42 (Exp)]
    T_LB        [reduce using rule 42 (Exp)]
    T_RELOP     [reduce using rule 42 (Exp)]
    $default    reduce using rule 42 (Exp)


State 101

   29 Stmt: T_IF T_LP Exp T_RP • Stmt
   30     | T_IF T_LP Exp T_RP • Stmt T_ELSE Stmt

    T_INT     shift, and go to state 45
    T_FLOAT   shift, and go to state 46
    T_MINUS   shift, and go to state 47
    T_NOT     shift, and go to state 48
    T_LP      shift, and go to state 49
    T_LC      shift, and go to state 23
    T_RETURN  shift, and go to state 50
    T_IF      shift, and go to state 51
    T_WHILE   shift, and go to state 52
    T_ID      shift, and go to state 53

    CompSt  go to state 54
    Stmt    go to state 106
    Exp     go to state 57


State 102

   31 Stmt: T_WHILE T_LP Exp T_RP • Stmt

    T_INT     shift, and go to state 45
    T_FLOAT   shift, and go to state 46
    T_MINUS   shift, and go to state 47
    T_NOT     shift, and go to state 48
    T_LP      shift, and go to state 49
    T_LC      shift, and go to state 23
    T_RETURN  shift, and go to state 50
    T_IF      shift, and go to state 51
    T_WHILE   shift, and go to state 52
    T_ID      shift, and go to state 53

    CompSt  go to state 54
    Stmt    go to state 107
    Exp     go to state 57


State 103

   57 Args: Exp T_COMMA • Args

    T_INT    shift, and go to state 45
    T_FLOAT  shift, and go to state 46
    T_MINUS  shift, and go to state 47
    T_NOT    shift, and go to state 48
    T_LP     shift, and go to state 49
    T_ID     shift, and go to state 53

    Exp   go to state 89
    Args  go to state 108


State 104

   52 Exp: T_ID T_LP Args T_RP •

    $default  reduce using rule 52 (Exp)


State 105

   53 Exp: Exp T_LB Exp T_RB •

    $default  reduce using rule 53 (Exp)


State 106

   29 Stmt: T_IF T_LP Exp T_RP Stmt •
   30     | T_IF T_LP Exp T_RP Stmt • T_ELSE Stmt

    T_ELSE  shift, and go to state 109

    T_ELSE    [reduce using rule 29 (Stmt)]
    $default  reduce using rule 29 (Stmt)


State 107

   31 Stmt: T_WHILE T_LP Exp T_RP Stmt •

    $default  reduce using rule 31 (Stmt)


State 108

   57 Args: Exp T_COMMA Args •

    $default  reduce using rule 57 (Args)


State 109

   30 Stmt: T_IF T_LP Exp T_RP Stmt T_ELSE • Stmt

    T_INT     shift, and go to state 45
    T_FLOAT   shift, and go to state 46
    T_MINUS   shift, and go to state 47
    T_NOT     shift, and go to state 48
    T_LP      shift, and go to state 49
    T_LC      shift, and go to state 23
    T_RETURN  shift, and go to state 50
    T_IF      shift, and go to state 51
    T_WHILE   shift, and go to state 52
    T_ID      shift, and go to state 53

    CompSt  go to state 54
    Stmt    go to state 110
    Exp     go to state 57


State 110

   30 Stmt: T_IF T_LP Exp T_RP Stmt T_ELSE Stmt •

    $default  reduce using rule 30 (Stmt)
